<?xml version="1.0" encoding="UTF-8"?>
<!-- Generated by org.testng.reporters.JUnitReportReporter -->
<testsuite hostname="DESKTOP-ETTPGLD" failures="0" tests="1" name="testNG_15082022.RD_GraphText_Print_Script_22082022" time="39.884" errors="1" timestamp="2022-08-22T18:54:32 IST" skipped="0">
  <testcase classname="testNG_15082022.RD_GraphText_Print_Script_22082022" name="graphReading" time="39.884">
    <error message="element click intercepted: Element &lt;rect stroke=&quot;rgba(0,0,0,0)&quot; fill=&quot;#5cf&quot; x=&quot;417.3333333333333&quot; y=&quot;147&quot; width=&quot;13.333333333333332&quot; height=&quot;68&quot; stroke-width=&quot;1&quot; data-original-x=&quot;417.3333333333333&quot; data-original-y=&quot;147&quot; data-original-width=&quot;13.333333333333332&quot; data-original-height=&quot;68&quot; data-index=&quot;8&quot; data-subindex=&quot;0&quot; data-sequential-index=&quot;16&quot; data-tooltip=&quot;&quot; data-value=&quot;4&quot; filter=&quot;&quot;&gt;&lt;/rect&gt; is not clickable at point (632, 181). Other element would receive the click: &lt;div class=&quot;RGraph_tooltip&quot; id=&quot;__rgraph_tooltip_chart-container_3dbebb4b-d56e-41c8-842d-7c9bd5d04bd1_0&quot; style=&quot;display: inline-block; position: absolute; padding: 6px; line-height: initial; font-family: Arial; font-size: 14pt; font-weight: bold; text-align: center; left: 469.333px; top: 912.578px; background-color: rgb(51, 51, 51); color: white; visibility: visible; z-index: 3; border-radius: 5px; box-shadow: rgba(96, 96, 96, 0.5) 0px 0px 5px; transition: left 0.25s ease-out 0s, top 0.25s ease-out 0s; opacity: 0.85; width: 221px;&quot;&gt;...&lt;/div&gt;
  (Session info: chrome=104.0.5112.101)
Build info: version: &#039;3.141.59&#039;, revision: &#039;e82be7d358&#039;, time: &#039;2018-11-14T08:25:48&#039;
System info: host: &#039;DESKTOP-ETTPGLD&#039;, ip: &#039;192.168.1.2&#039;, os.name: &#039;Windows 10&#039;, os.arch: &#039;amd64&#039;, os.version: &#039;10.0&#039;, java.version: &#039;17.0.3&#039;
Driver info: org.openqa.selenium.chrome.ChromeDriver
Capabilities {acceptInsecureCerts: false, browserName: chrome, browserVersion: 104.0.5112.101, chrome: {chromedriverVersion: 103.0.5060.134 (8ec6fce403b..., userDataDir: C:\Users\DELL\AppData\Local...}, goog:chromeOptions: {debuggerAddress: localhost:62099}, javascriptEnabled: true, networkConnectionEnabled: false, pageLoadStrategy: normal, platform: WINDOWS, platformName: WINDOWS, proxy: Proxy(), setWindowRect: true, strictFileInteractability: false, timeouts: {implicit: 0, pageLoad: 300000, script: 30000}, unhandledPromptBehavior: dismiss and notify, webauthn:extension:credBlob: true, webauthn:extension:largeBlob: true, webauthn:virtualAuthenticators: true}
Session ID: 433d45a0130c31e99e0c21c8198799c0" type="org.openqa.selenium.ElementClickInterceptedException">
      <![CDATA[org.openqa.selenium.ElementClickInterceptedException: element click intercepted: Element <rect stroke="rgba(0,0,0,0)" fill="#5cf" x="417.3333333333333" y="147" width="13.333333333333332" height="68" stroke-width="1" data-original-x="417.3333333333333" data-original-y="147" data-original-width="13.333333333333332" data-original-height="68" data-index="8" data-subindex="0" data-sequential-index="16" data-tooltip="" data-value="4" filter=""></rect> is not clickable at point (632, 181). Other element would receive the click: <div class="RGraph_tooltip" id="__rgraph_tooltip_chart-container_3dbebb4b-d56e-41c8-842d-7c9bd5d04bd1_0" style="display: inline-block; position: absolute; padding: 6px; line-height: initial; font-family: Arial; font-size: 14pt; font-weight: bold; text-align: center; left: 469.333px; top: 912.578px; background-color: rgb(51, 51, 51); color: white; visibility: visible; z-index: 3; border-radius: 5px; box-shadow: rgba(96, 96, 96, 0.5) 0px 0px 5px; transition: left 0.25s ease-out 0s, top 0.25s ease-out 0s; opacity: 0.85; width: 221px;">...</div>
  (Session info: chrome=104.0.5112.101)
Build info: version: '3.141.59', revision: 'e82be7d358', time: '2018-11-14T08:25:48'
System info: host: 'DESKTOP-ETTPGLD', ip: '192.168.1.2', os.name: 'Windows 10', os.arch: 'amd64', os.version: '10.0', java.version: '17.0.3'
Driver info: org.openqa.selenium.chrome.ChromeDriver
Capabilities {acceptInsecureCerts: false, browserName: chrome, browserVersion: 104.0.5112.101, chrome: {chromedriverVersion: 103.0.5060.134 (8ec6fce403b..., userDataDir: C:\Users\DELL\AppData\Local...}, goog:chromeOptions: {debuggerAddress: localhost:62099}, javascriptEnabled: true, networkConnectionEnabled: false, pageLoadStrategy: normal, platform: WINDOWS, platformName: WINDOWS, proxy: Proxy(), setWindowRect: true, strictFileInteractability: false, timeouts: {implicit: 0, pageLoad: 300000, script: 30000}, unhandledPromptBehavior: dismiss and notify, webauthn:extension:credBlob: true, webauthn:extension:largeBlob: true, webauthn:virtualAuthenticators: true}
Session ID: 433d45a0130c31e99e0c21c8198799c0
at java.base/jdk.internal.reflect.NativeConstructorAccessorImpl.newInstance0(Native Method)
at java.base/jdk.internal.reflect.NativeConstructorAccessorImpl.newInstance(NativeConstructorAccessorImpl.java:77)
at java.base/jdk.internal.reflect.DelegatingConstructorAccessorImpl.newInstance(DelegatingConstructorAccessorImpl.java:45)
at java.base/java.lang.reflect.Constructor.newInstanceWithCaller(Constructor.java:499)
at java.base/java.lang.reflect.Constructor.newInstance(Constructor.java:480)
at org.openqa.selenium.remote.http.W3CHttpResponseCodec.createException(W3CHttpResponseCodec.java:187)
at org.openqa.selenium.remote.http.W3CHttpResponseCodec.decode(W3CHttpResponseCodec.java:122)
at org.openqa.selenium.remote.http.W3CHttpResponseCodec.decode(W3CHttpResponseCodec.java:49)
at org.openqa.selenium.remote.HttpCommandExecutor.execute(HttpCommandExecutor.java:158)
at org.openqa.selenium.remote.service.DriverCommandExecutor.execute(DriverCommandExecutor.java:83)
at org.openqa.selenium.remote.RemoteWebDriver.execute(RemoteWebDriver.java:552)
at org.openqa.selenium.remote.RemoteWebElement.execute(RemoteWebElement.java:285)
at org.openqa.selenium.remote.RemoteWebElement.click(RemoteWebElement.java:84)
at testNG_15082022.RD_GraphText_Print_Script_22082022.graphReading(RD_GraphText_Print_Script_22082022.java:40)
at java.base/jdk.internal.reflect.NativeMethodAccessorImpl.invoke0(Native Method)
at java.base/jdk.internal.reflect.NativeMethodAccessorImpl.invoke(NativeMethodAccessorImpl.java:77)
at java.base/jdk.internal.reflect.DelegatingMethodAccessorImpl.invoke(DelegatingMethodAccessorImpl.java:43)
at java.base/java.lang.reflect.Method.invoke(Method.java:568)
at org.testng.internal.MethodInvocationHelper.invokeMethod(MethodInvocationHelper.java:133)
at org.testng.internal.TestInvoker.invokeMethod(TestInvoker.java:598)
at org.testng.internal.TestInvoker.invokeTestMethod(TestInvoker.java:173)
at org.testng.internal.MethodRunner.runInSequence(MethodRunner.java:46)
at org.testng.internal.TestInvoker$MethodInvocationAgent.invoke(TestInvoker.java:824)
at org.testng.internal.TestInvoker.invokeTestMethods(TestInvoker.java:146)
at org.testng.internal.TestMethodWorker.invokeTestMethods(TestMethodWorker.java:146)
at org.testng.internal.TestMethodWorker.run(TestMethodWorker.java:128)
at java.base/java.util.ArrayList.forEach(ArrayList.java:1511)
at org.testng.TestRunner.privateRun(TestRunner.java:794)
at org.testng.TestRunner.run(TestRunner.java:596)
at org.testng.SuiteRunner.runTest(SuiteRunner.java:377)
at org.testng.SuiteRunner.runSequentially(SuiteRunner.java:371)
at org.testng.SuiteRunner.privateRun(SuiteRunner.java:332)
at org.testng.SuiteRunner.run(SuiteRunner.java:276)
at org.testng.SuiteRunnerWorker.runSuite(SuiteRunnerWorker.java:53)
at org.testng.SuiteRunnerWorker.run(SuiteRunnerWorker.java:96)
at org.testng.TestNG.runSuitesSequentially(TestNG.java:1212)
at org.testng.TestNG.runSuitesLocally(TestNG.java:1134)
at org.testng.TestNG.runSuites(TestNG.java:1063)
at org.testng.TestNG.run(TestNG.java:1031)
at org.testng.remote.AbstractRemoteTestNG.run(AbstractRemoteTestNG.java:115)
at org.testng.remote.RemoteTestNG.initAndRun(RemoteTestNG.java:251)
at org.testng.remote.RemoteTestNG.main(RemoteTestNG.java:77)
]]>
    </error>
  </testcase> <!-- graphReading -->
  <system-out/>
</testsuite> <!-- testNG_15082022.RD_GraphText_Print_Script_22082022 -->
